<?xml version="1.0" encoding="UTF-8"?>
<!-- Generated by org.testng.reporters.JUnitXMLReporter -->
<testsuite hostname="Haoshen-PC" name="Default test(failed)" tests="1" failures="1" timestamp="17 Dec 2014 01:06:54 GMT" time="0.078" errors="0">
  <testcase name="LoginAndCheckDatabase" time="0.062" classname="com.SQL.test.TestServer">
    <failure type="java.lang.NullPointerException">
      <![CDATA[java.lang.NullPointerException
	at com.SQL.test.TestServer.LoginAndCheckDatabase(TestServer.java:52)
... Removed 24 stack frames]]>
    </failure>
  </testcase> <!-- LoginAndCheckDatabase -->
</testsuite> <!-- Default test(failed) -->
