<?xml version="1.0" encoding="UTF-8"?>
<testng-results skipped="0" failed="0" total="2" passed="2">
  <reporter-output>
  </reporter-output>
  <suite name="Default suite" duration-ms="10833" started-at="2014-09-19T23:25:53Z" finished-at="2014-09-19T23:26:04Z">
    <groups>
    </groups>
    <test name="Default test" duration-ms="10833" started-at="2014-09-19T23:25:53Z" finished-at="2014-09-19T23:26:04Z">
      <class name="com.test.testcases.LogInTest">
        <test-method status="PASS" signature="setUp()[pri:0, instance:com.test.testcases.LogInTest@2133c8f8]" name="setUp" is-config="true" duration-ms="3790" started-at="2014-09-19T16:25:53Z" finished-at="2014-09-19T16:25:57Z">
          <reporter-output>
          </reporter-output>
        </test-method> <!-- setUp -->
        <test-method status="PASS" signature="testLogin01()[pri:0, instance:com.test.testcases.LogInTest@2133c8f8]" name="testLogin01" duration-ms="1313" started-at="2014-09-19T16:25:57Z" finished-at="2014-09-19T16:25:58Z">
          <reporter-output>
          </reporter-output>
        </test-method> <!-- testLogin01 -->
        <test-method status="PASS" signature="tearDown()[pri:0, instance:com.test.testcases.LogInTest@2133c8f8]" name="tearDown" is-config="true" duration-ms="79" started-at="2014-09-19T16:25:58Z" finished-at="2014-09-19T16:25:58Z">
          <reporter-output>
          </reporter-output>
        </test-method> <!-- tearDown -->
        <test-method status="PASS" signature="setUp()[pri:0, instance:com.test.testcases.LogInTest@2133c8f8]" name="setUp" is-config="true" duration-ms="4327" started-at="2014-09-19T16:25:58Z" finished-at="2014-09-19T16:26:03Z">
          <reporter-output>
          </reporter-output>
        </test-method> <!-- setUp -->
        <test-method status="PASS" signature="testLogin02()[pri:0, instance:com.test.testcases.LogInTest@2133c8f8]" name="testLogin02" duration-ms="1227" started-at="2014-09-19T16:26:03Z" finished-at="2014-09-19T16:26:04Z">
          <reporter-output>
          </reporter-output>
        </test-method> <!-- testLogin02 -->
        <test-method status="PASS" signature="tearDown()[pri:0, instance:com.test.testcases.LogInTest@2133c8f8]" name="tearDown" is-config="true" duration-ms="79" started-at="2014-09-19T16:26:04Z" finished-at="2014-09-19T16:26:04Z">
          <reporter-output>
          </reporter-output>
        </test-method> <!-- tearDown -->
      </class> <!-- com.test.testcases.LogInTest -->
    </test> <!-- Default test -->
  </suite> <!-- Default suite -->
</testng-results>
